#
# An unexpected error has been detected by Java Runtime Environment:
#
#  Internal Error (455843455054494F4E530E4350500134), pid=444, tid=8884
#
# Java VM: Java HotSpot(TM) Client VM (1.6.0-b105 mixed mode)
# If you would like to submit a bug report, please visit:
#   http://java.sun.com/webapps/bugreport/crash.jsp
#

---------------  T H R E A D  ---------------

Current thread (0x0cdfa400):  JavaThread "websphinx.Crawler worm 0" daemon [_thread_in_vm, id=8884]

Stack: [0x0d570000,0x0d5c0000)
[error occurred during error reporting, step 110, id 0xc0000005]

Java frames: (J=compiled Java code, j=interpreted, Vv=VM code)
j  websphinx.Crawler.fetch(Lwebsphinx/Worm;)V+194
j  websphinx.Worm.run()V+5
v  ~StubRoutines::call_stub

---------------  P R O C E S S  ---------------

Java Threads: ( => current thread )
  0x00706c00 JavaThread "websphinx.Crawler worm 1" daemon [_thread_in_native, id=3576]
  0x00706800 JavaThread "websphinx.Crawler worm 0" daemon [_thread_in_native, id=4836]
  0x00706000 JavaThread "websphinx.Crawler worm 2" daemon [_thread_in_native, id=8856]
  0x00707800 JavaThread "websphinx.Crawler worm 3" daemon [_thread_in_native, id=1388]
  0x00707400 JavaThread "websphinx.Crawler worm 2" daemon [_thread_in_native, id=6828]
  0x0cdfa800 JavaThread "websphinx.Crawler worm 1" daemon [_thread_in_vm, id=3460]
=>0x0cdfa400 JavaThread "websphinx.Crawler worm 0" daemon [_thread_in_vm, id=8884]
  0x0cdf8c00 JavaThread "Timer Manager" daemon [_thread_blocked, id=1080]
  0x0cdf6000 JavaThread "websphinx.Crawler" daemon [_thread_blocked, id=7524]
  0x00b98000 JavaThread "DestroyJavaVM" [_thread_blocked, id=9084]
  0x0cdf0c00 JavaThread "GraphListener" daemon [_thread_blocked, id=7664]
  0x0ccc8400 JavaThread "org.netbeans.modules.debugger.jpda.visual AWT Access Loop" daemon [_thread_blocked, id=4812]
  0x0ccc0000 JavaThread "AWT-EventQueue-0" [_thread_in_native, id=8108]
  0x0cca1c00 JavaThread "AWT-Windows" daemon [_thread_in_native, id=536]
  0x0cca1400 JavaThread "AWT-Shutdown" [_thread_blocked, id=9016]
  0x0cc9cc00 JavaThread "Java2D Disposer" daemon [_thread_blocked, id=4076]
  0x006bb000 JavaThread "Low Memory Detector" daemon [_thread_blocked, id=7736]
  0x006b6c00 JavaThread "CompilerThread0" daemon [_thread_blocked, id=6900]
  0x006ac000 JavaThread "JDWP Command Reader" daemon [_thread_in_native, id=8956]
  0x006ab000 JavaThread "JDWP Event Helper Thread" daemon [_thread_blocked, id=7556]
  0x006a9c00 JavaThread "JDWP Transport Listener: dt_shmem" daemon [_thread_blocked, id=4560]
  0x0069f000 JavaThread "Attach Listener" daemon [_thread_blocked, id=5796]
  0x0069ec00 JavaThread "Signal Dispatcher" daemon [_thread_blocked, id=9124]
  0x00690400 JavaThread "Finalizer" daemon [_thread_blocked, id=2920]
  0x00687c00 JavaThread "Reference Handler" daemon [_thread_blocked, id=6880]

Other Threads:
  0x00684000 VMThread [id=9116]
  0x006cbc00 WatcherThread [id=8312]

VM state:not at safepoint (normal execution)

VM Mutex/Monitor currently owned by a thread: None

Heap
 def new generation   total 1024K, used 197K [0x044b0000, 0x045c0000, 0x04990000)
  eden space 960K,  13% used [0x044b0000, 0x044d1538, 0x045a0000)
  from space 64K, 100% used [0x045b0000, 0x045c0000, 0x045c0000)
  to   space 64K,   0% used [0x045a0000, 0x045a0000, 0x045b0000)
 tenured generation   total 12656K, used 9518K [0x04990000, 0x055ec000, 0x084b0000)
   the space 12656K,  75% used [0x04990000, 0x052db978, 0x052dba00, 0x055ec000)
 compacting perm gen  total 12288K, used 8889K [0x084b0000, 0x090b0000, 0x0c4b0000)
   the space 12288K,  72% used [0x084b0000, 0x08d5e430, 0x08d5e600, 0x090b0000)
No shared spaces configured.

Dynamic libraries:
0x00400000 - 0x00423000 	C:\Program Files (x86)\Java\jdk1.6.0\bin\java.exe
0x775f0000 - 0x77747000 	C:\Windows\SYSTEM32\ntdll.dll
0x76240000 - 0x76370000 	C:\Windows\SYSTEM32\KERNEL32.DLL
0x76740000 - 0x767e7000 	C:\Windows\SYSTEM32\KERNELBASE.dll
0x72e20000 - 0x72ec7000 	C:\Windows\system32\apphelp.dll
0x768a0000 - 0x7694e000 	C:\Windows\SYSTEM32\ADVAPI32.dll
0x74c10000 - 0x74cc1000 	C:\Windows\SYSTEM32\msvcrt.dll
0x76560000 - 0x76594000 	C:\Windows\SYSTEM32\sechost.dll
0x769f0000 - 0x76a9c000 	C:\Windows\SYSTEM32\RPCRT4.dll
0x74be0000 - 0x74bfd000 	C:\Windows\SYSTEM32\SspiCli.dll
0x74bd0000 - 0x74bd9000 	C:\Windows\SYSTEM32\CRYPTBASE.dll
0x74b70000 - 0x74bc1000 	C:\Windows\SYSTEM32\bcryptPrimitives.dll
0x7c340000 - 0x7c396000 	C:\Program Files (x86)\Java\jdk1.6.0\jre\bin\msvcr71.dll
0x6d7c0000 - 0x6da07000 	C:\Program Files (x86)\Java\jdk1.6.0\jre\bin\client\jvm.dll
0x74d50000 - 0x74e66000 	C:\Windows\SYSTEM32\USER32.dll
0x72360000 - 0x72381000 	C:\Windows\SYSTEM32\WINMM.dll
0x76af0000 - 0x76bed000 	C:\Windows\SYSTEM32\GDI32.dll
0x72270000 - 0x7229b000 	C:\Windows\SYSTEM32\WINMMBASE.dll
0x77300000 - 0x77346000 	C:\Windows\SYSTEM32\cfgmgr32.dll
0x76f00000 - 0x76f1e000 	C:\Windows\SYSTEM32\DEVOBJ.dll
0x76880000 - 0x768a0000 	C:\Windows\system32\IMM32.DLL
0x77430000 - 0x7750e000 	C:\Windows\SYSTEM32\MSCTF.dll
0x74a90000 - 0x74ab9000 	C:\Windows\SYSTEM32\nvinit.dll
0x0f000000 - 0x0f006000 	C:\Program Files (x86)\NVIDIA Corporation\CoProcManager\detoured.dll
0x6fe80000 - 0x6fed3000 	C:\Program Files (x86)\NVIDIA Corporation\CoProcManager\nvd3d9wrap.dll
0x76370000 - 0x7651f000 	C:\Windows\SYSTEM32\SETUPAPI.dll
0x70220000 - 0x7025b000 	C:\Program Files (x86)\NVIDIA Corporation\CoProcManager\nvdxgiwrap.dll
0x6d310000 - 0x6d318000 	C:\Program Files (x86)\Java\jdk1.6.0\jre\bin\hpi.dll
0x74c00000 - 0x74c06000 	C:\Windows\SYSTEM32\PSAPI.DLL
0x6d400000 - 0x6d429000 	C:\Program Files (x86)\Java\jdk1.6.0\jre\bin\jdwp.dll
0x6d6c0000 - 0x6d6c6000 	C:\Program Files (x86)\Java\jdk1.6.0\jre\bin\npt.dll
0x6d770000 - 0x6d77c000 	C:\Program Files (x86)\Java\jdk1.6.0\jre\bin\verify.dll
0x6d3b0000 - 0x6d3cf000 	C:\Program Files (x86)\Java\jdk1.6.0\jre\bin\java.dll
0x6d7b0000 - 0x6d7bf000 	C:\Program Files (x86)\Java\jdk1.6.0\jre\bin\zip.dll
0x6d270000 - 0x6d278000 	C:\Program Files (x86)\Java\jdk1.6.0\jre\bin\dt_shmem.dll
0x6d000000 - 0x6d1c3000 	C:\Program Files (x86)\Java\jdk1.6.0\jre\bin\awt.dll
0x722a0000 - 0x72300000 	C:\Windows\SYSTEM32\WINSPOOL.DRV
0x765c0000 - 0x766d9000 	C:\Windows\SYSTEM32\ole32.dll
0x74e70000 - 0x74fa6000 	C:\Windows\SYSTEM32\combase.dll
0x72420000 - 0x72664000 	C:\Windows\AppPatch\AcGenral.DLL
0x76d90000 - 0x76dd0000 	C:\Windows\SYSTEM32\SHLWAPI.dll
0x72390000 - 0x72418000 	C:\Windows\SYSTEM32\UxTheme.dll
0x72340000 - 0x72352000 	C:\Windows\SYSTEM32\samcli.dll
0x767f0000 - 0x7687e000 	C:\Windows\SYSTEM32\OLEAUT32.dll
0x72320000 - 0x72334000 	C:\Windows\SYSTEM32\MSACM32.dll
0x74780000 - 0x74788000 	C:\Windows\SYSTEM32\VERSION.dll
0x74fb0000 - 0x76076000 	C:\Windows\SYSTEM32\SHELL32.dll
0x76520000 - 0x7653b000 	C:\Windows\SYSTEM32\USERENV.dll
0x72300000 - 0x7231a000 	C:\Windows\SYSTEM32\dwmapi.dll
0x76dd0000 - 0x76efb000 	C:\Windows\SYSTEM32\urlmon.dll
0x744c0000 - 0x744d3000 	C:\Windows\SYSTEM32\MPR.dll
0x77510000 - 0x77521000 	C:\Windows\SYSTEM32\profapi.dll
0x77090000 - 0x7728a000 	C:\Windows\SYSTEM32\iertutil.dll
0x76080000 - 0x76236000 	C:\Windows\SYSTEM32\WININET.dll
0x746a0000 - 0x74713000 	C:\Windows\SYSTEM32\SHCORE.DLL
0x6d2b0000 - 0x6d303000 	C:\Program Files (x86)\Java\jdk1.6.0\jre\bin\fontmanager.dll
0x6d570000 - 0x6d583000 	C:\Program Files (x86)\Java\jdk1.6.0\jre\bin\net.dll
0x773e0000 - 0x77430000 	C:\Windows\SYSTEM32\WS2_32.dll
0x769e0000 - 0x769e8000 	C:\Windows\SYSTEM32\NSI.dll
0x6fe20000 - 0x6fe6a000 	C:\Windows\system32\mswsock.dll
0x6d590000 - 0x6d599000 	C:\Program Files (x86)\Java\jdk1.6.0\jre\bin\nio.dll
0x10000000 - 0x10007000 	C:\Program Files (x86)\Internet Download Manager\idmmkb.dll
0x74cd0000 - 0x74d44000 	C:\Windows\SYSTEM32\clbcatq.dll
0x6dd40000 - 0x6df38000 	C:\Windows\WinSxS\x86_microsoft.windows.common-controls_6595b64144ccf1df_6.0.9200.16579_none_8937eec6860750f5\comctl32.DLL
0x0dc30000 - 0x0dca6000 	C:\Windows\SYSTEM32\RICHED20.DLL
0x6da70000 - 0x6da84000 	C:\Windows\SYSTEM32\USP10.dll
0x0dcb0000 - 0x0dcdb000 	C:\Windows\SYSTEM32\msls31.dll
0x6fd60000 - 0x6fdd4000 	C:\Windows\SYSTEM32\DNSAPI.dll
0x6fcf0000 - 0x6fcf7000 	C:\Windows\System32\rasadhlp.dll
0x747e0000 - 0x74800000 	C:\Windows\SYSTEM32\IPHLPAPI.DLL
0x747d0000 - 0x747d8000 	C:\Windows\SYSTEM32\WINNSI.DLL
0x6fd00000 - 0x6fd3f000 	C:\Windows\System32\fwpuclnt.dll

VM Arguments:
jvm_args: -Xdebug -Xrunjdwp:transport=dt_shmem,address=javadebug -Dfile.encoding=UTF-8
java_command: TruthFinder.NewJFrame
Launcher Type: SUN_STANDARD

Environment Variables:
PATH=C:\Program Files (x86)\Intel\iCLS Client\;C:\Program Files\Intel\iCLS Client\;C:\Program Files (x86)\NVIDIA Corporation\PhysX\Common;C:\Windows\system32;C:\Windows;C:\Windows\System32\Wbem;C:\Windows\System32\WindowsPowerShell\v1.0\;C:\Program Files\Intel\Intel(R) Management Engine Components\DAL;C:\Program Files\Intel\Intel(R) Management Engine Components\IPT;C:\Program Files (x86)\Intel\Intel(R) Management Engine Components\DAL;C:\Program Files (x86)\Intel\Intel(R) Management Engine Components\IPT;C:\Program Files\MATLAB\R2011b\runtime\win64;C:\Program Files\MATLAB\R2011b\bin
USERNAME=Asus
OS=Windows_NT
PROCESSOR_IDENTIFIER=Intel64 Family 6 Model 69 Stepping 1, GenuineIntel



---------------  S Y S T E M  ---------------

OS: Windows NT 6.2 Build 9200 

CPU:total 4 family 6, cmov, cx8, fxsr, mmx, sse, sse2

Memory: 4k page, physical 4194303k(4194303k free), swap 4194303k(4194303k free)

vm_info: Java HotSpot(TM) Client VM (1.6.0-b105) for windows-x86, built on Nov 29 2006 00:48:48 by "java_re" with unknown MS VC++:1310

